<component name="libraryTable">
  <library name="junit-jupiter-api-5.8.1">
    <CLASSES />
    <JAVADOC />
    <SOURCES />
  </library>
</component>